<?xml version="1.0" encoding="utf-8"?><testsuite errors="0" failures="0" name="pytest" skips="0" tests="8" time="12.043"><testcase classname="backend.tests.TestSerializers" file="backend/tests.py" line="81" name="test_ticket_serializer" time="1.4955289363861084"></testcase><testcase classname="backend.tests.TestSerializers" file="backend/tests.py" line="85" name="test_ticket_end_to_end_single" time="0.42205142974853516"></testcase><testcase classname="backend.tests.TestSerializers" file="backend/tests.py" line="96" name="test_permissions_tickets" time="0.38584113121032715"></testcase><testcase classname="backend.tests.TestSerializers" file="backend/tests.py" line="100" name="test_ticket_event_serializer" time="0.32061243057250977"></testcase><testcase classname="backend.tests.TestSerializers" file="backend/tests.py" line="106" name="test_ticket_event_end_to_end" time="0.41797375679016113"></testcase><testcase classname="backend.tests.TestQueue" file="backend/tests.py" line="134" name="test_queue_single_item" time="0.4196333885192871"></testcase><testcase classname="backend.tests.TestQueue" file="backend/tests.py" line="144" name="test_queue_some_resolved" time="0.46265649795532227"></testcase><testcase classname="frontend.tests.TestFrontend" file="frontend/tests.py" line="10" name="test_smoke" time="0.5151307582855225"></testcase></testsuite>