<?xml version="1.0" encoding="utf-8"?><testsuite errors="0" failures="0" name="pytest" skips="0" tests="2" time="9.280"><testcase classname="frontend.tests.TestFrontend" file="frontend/tests.py" line="10" name="test_smoke" time="1.2650418281555176"></testcase><testcase classname="queue.tests.TestBackend" file="queue/tests.py" line="8" name="test_smoke" time="0.38956642150878906"></testcase></testsuite>